#
# There is insufficient memory for the Java Runtime Environment to continue.
# Native memory allocation (malloc) failed to allocate 1048576 bytes for AllocateHeap
# Possible reasons:
#   The system is out of physical RAM or swap space
#   In 32 bit mode, the process size limit was hit
# Possible solutions:
#   Reduce memory load on the system
#   Increase physical memory or swap space
#   Check if swap backing store is full
#   Use 64 bit Java on a 64 bit OS
#   Decrease Java heap size (-Xmx/-Xms)
#   Decrease number of Java threads
#   Decrease Java thread stack sizes (-Xss)
#   Set larger code cache with -XX:ReservedCodeCacheSize=
# This output file may be truncated or incomplete.
#
#  Out of Memory Error (memory/allocation.inline.hpp:62), pid=5292, tid=7916
#
# JRE version:  (8.0_25-b18) (build )
# Java VM: Java HotSpot(TM) 64-Bit Server VM (25.25-b02 mixed mode windows-amd64 compressed oops)
# Failed to write core dump. Minidumps are not enabled by default on client versions of Windows
#

---------------  T H R E A D  ---------------

Current thread (0x00000000021ed800):  JavaThread "Unknown thread" [_thread_in_vm, id=7916, stack(0x0000000002200000,0x0000000002300000)]

Stack: [0x0000000002200000,0x0000000002300000]
Native frames: (J=compiled Java code, j=interpreted, Vv=VM code, C=native code)
V  [jvm.dll+0x31667a]


---------------  P R O C E S S  ---------------

Java Threads: ( => current thread )

Other Threads:

=>0x00000000021ed800 (exited) JavaThread "Unknown thread" [_thread_in_vm, id=7916, stack(0x0000000002200000,0x0000000002300000)]

VM state:not at safepoint (normal execution)

VM Mutex/Monitor currently owned by a thread: None

Heap:
 PSYoungGen      total 9728K, used 174K [0x00000000f5600000, 0x00000000f6080000, 0x0000000100000000)
  eden space 8704K, 2% used [0x00000000f5600000,0x00000000f562b860,0x00000000f5e80000)
  from space 1024K, 0% used [0x00000000f5f80000,0x00000000f5f80000,0x00000000f6080000)
  to   space 1024K, 0% used [0x00000000f5e80000,0x00000000f5e80000,0x00000000f5f80000)
 ParOldGen       total 22016K, used 0K [0x00000000e0200000, 0x00000000e1780000, 0x00000000f5600000)
  object space 22016K, 0% used [0x00000000e0200000,0x00000000e0200000,0x00000000e1780000)
 Metaspace       used 654K, capacity 4480K, committed 4480K, reserved 1056768K
  class space    used 66K, capacity 384K, committed 384K, reserved 1048576K

Card table byte_map: [0x0000000011ac0000,0x0000000011bc0000] byte_map_base: 0x00000000113bf000

Marking Bits: (ParMarkBitMap*) 0x000000006ea4d490
 Begin Bits: [0x0000000011eb0000, 0x00000000126a8000)
 End Bits:   [0x00000000126a8000, 0x0000000012ea0000)

Polling page: 0x0000000000220000

CodeCache: size=245760Kb used=326Kb max_used=326Kb free=245433Kb
 bounds [0x0000000002700000, 0x0000000002970000, 0x0000000011700000]
 total_blobs=55 nmethods=0 adapters=37
 compilation: enabled

Compilation events (0 events):
No events

GC Heap History (0 events):
No events

Deoptimization events (0 events):
No events

Internal exceptions (0 events):
No events

Events (10 events):
Event: 0.132 loading class java/lang/Short
Event: 0.132 loading class java/lang/Short done
Event: 0.132 loading class java/lang/Integer
Event: 0.133 loading class java/lang/Integer done
Event: 0.133 loading class java/lang/Long
Event: 0.133 loading class java/lang/Long done
Event: 0.134 loading class java/lang/NullPointerException
Event: 0.134 loading class java/lang/NullPointerException done
Event: 0.134 loading class java/lang/ArithmeticException
Event: 0.134 loading class java/lang/ArithmeticException done


Dynamic libraries:
0x000000013fa80000 - 0x000000013fab4000 	C:\Program Files\Java\jre1.8.0_25\bin\javaw.exe
0x0000000077b50000 - 0x0000000077cf9000 	C:\Windows\SYSTEM32\ntdll.dll
0x0000000077a30000 - 0x0000000077b4f000 	C:\Windows\system32\kernel32.dll
0x000007fefdcb0000 - 0x000007fefdd1c000 	C:\Windows\system32\KERNELBASE.dll
0x000007feffbd0000 - 0x000007feffcab000 	C:\Windows\system32\ADVAPI32.dll
0x000007fefed20000 - 0x000007fefedbf000 	C:\Windows\system32\msvcrt.dll
0x000007feffa20000 - 0x000007feffa3f000 	C:\Windows\SYSTEM32\sechost.dll
0x000007feffd30000 - 0x000007feffe5d000 	C:\Windows\system32\RPCRT4.dll
0x0000000077930000 - 0x0000000077a2a000 	C:\Windows\system32\USER32.dll
0x000007feff9b0000 - 0x000007feffa17000 	C:\Windows\system32\GDI32.dll
0x000007feff8b0000 - 0x000007feff8be000 	C:\Windows\system32\LPK.dll
0x000007fefec50000 - 0x000007fefed19000 	C:\Windows\system32\USP10.dll
0x000007fefc290000 - 0x000007fefc484000 	C:\Windows\WinSxS\amd64_microsoft.windows.common-controls_6595b64144ccf1df_6.0.7601.17514_none_fa396087175ac9ac\COMCTL32.dll
0x000007feff830000 - 0x000007feff8a1000 	C:\Windows\system32\SHLWAPI.dll
0x000007fefedc0000 - 0x000007fefedee000 	C:\Windows\system32\IMM32.DLL
0x000007feff4c0000 - 0x000007feff5c9000 	C:\Windows\system32\MSCTF.dll
0x0000000071150000 - 0x0000000071222000 	C:\Program Files\Java\jre1.8.0_25\bin\msvcr100.dll
0x000000006e270000 - 0x000000006eaca000 	C:\Program Files\Java\jre1.8.0_25\bin\server\jvm.dll
0x000007fefb770000 - 0x000007fefb779000 	C:\Windows\system32\WSOCK32.dll
0x000007feff0c0000 - 0x000007feff10d000 	C:\Windows\system32\WS2_32.dll
0x000007feff9a0000 - 0x000007feff9a8000 	C:\Windows\system32\NSI.dll
0x000007fefa0d0000 - 0x000007fefa10b000 	C:\Windows\system32\WINMM.dll
0x0000000077d20000 - 0x0000000077d27000 	C:\Windows\system32\PSAPI.DLL
0x0000000071a40000 - 0x0000000071a4f000 	C:\Program Files\Java\jre1.8.0_25\bin\verify.dll
0x0000000071120000 - 0x0000000071148000 	C:\Program Files\Java\jre1.8.0_25\bin\java.dll
0x0000000071100000 - 0x0000000071116000 	C:\Program Files\Java\jre1.8.0_25\bin\zip.dll
0x000007fef3d10000 - 0x000007fef3e35000 	C:\Windows\system32\dbghelp.dll

VM Arguments:
jvm_args: -Dfile.encoding=Cp1252 
java_command: Login
java_class_path (initial): C:\Users\Vijay\Desktop\BILLING SYSTEM\DAIRY FARM BILLING SYSTEM\bin;E:\Ebook\photo\mysql-connector-java-5.1.13-bin.jar
Launcher Type: SUN_STANDARD

Environment Variables:
PATH=C:\ProgramData\Oracle\Java\javapath;C:\Windows\system32;C:\Windows;C:\Windows\System32\Wbem;C:\Windows\System32\WindowsPowerShell\v1.0\;C:\Program Files\MATLAB\R2012b\runtime\win64;C:\Program Files\MATLAB\R2012b\bin;c:\Xilinx\bin\nt
USERNAME=Vijay
OS=Windows_NT
PROCESSOR_IDENTIFIER=Intel64 Family 6 Model 23 Stepping 10, GenuineIntel



---------------  S Y S T E M  ---------------

OS: Windows 7 , 64 bit Build 7601 Service Pack 1

CPU:total 2 (2 cores per cpu, 1 threads per core) family 6 model 23 stepping 10, cmov, cx8, fxsr, mmx, sse, sse2, sse3, ssse3, tsc

Memory: 4k page, physical 2084700k(372920k free), swap 8338800k(5092k free)

vm_info: Java HotSpot(TM) 64-Bit Server VM (25.25-b02) for windows-amd64 JRE (1.8.0_25-b18), built on Oct  7 2014 14:25:37 by "java_re" with MS VC++ 10.0 (VS2010)

time: Thu Feb 10 20:35:23 2005
elapsed time: 0 seconds (0d 0h 0m 0s)

