#
# There is insufficient memory for the Java Runtime Environment to continue.
# Native memory allocation (malloc) failed to allocate 32744 bytes for ChunkPool::allocate
# Possible reasons:
#   The system is out of physical RAM or swap space
#   In 32 bit mode, the process size limit was hit
# Possible solutions:
#   Reduce memory load on the system
#   Increase physical memory or swap space
#   Check if swap backing store is full
#   Use 64 bit Java on a 64 bit OS
#   Decrease Java heap size (-Xmx/-Xms)
#   Decrease number of Java threads
#   Decrease Java thread stack sizes (-Xss)
#   Set larger code cache with -XX:ReservedCodeCacheSize=
# This output file may be truncated or incomplete.
#
#  Out of Memory Error (allocation.cpp:273), pid=9484, tid=9524
#
# JRE version: Java(TM) SE Runtime Environment (8.0_25-b18) (build 1.8.0_25-b18)
# Java VM: Java HotSpot(TM) 64-Bit Server VM (25.25-b02 mixed mode windows-amd64 compressed oops)
# Failed to write core dump. Minidumps are not enabled by default on client versions of Windows
#

---------------  T H R E A D  ---------------

Current thread (0x00000000022ad800):  JavaThread "main" [_thread_in_native, id=9524, stack(0x0000000002560000,0x0000000002660000)]

Stack: [0x0000000002560000,0x0000000002660000]
Native frames: (J=compiled Java code, j=interpreted, Vv=VM code, C=native code)
V  [jvm.dll+0x31667a]

Java frames: (J=compiled Java code, j=interpreted, Vv=VM code)
j  java.util.ResourceBundle.getBundleImpl(Ljava/lang/String;Ljava/util/Locale;Ljava/lang/ClassLoader;Ljava/util/ResourceBundle$Control;)Ljava/util/ResourceBundle;+91
j  java.util.ResourceBundle.getBundle(Ljava/lang/String;Ljava/util/ResourceBundle$Control;)Ljava/util/ResourceBundle;+11
j  java.awt.Toolkit$5.run()Ljava/lang/Void;+5
j  java.awt.Toolkit$5.run()Ljava/lang/Object;+1
v  ~StubRoutines::call_stub
j  java.security.AccessController.doPrivileged(Ljava/security/PrivilegedAction;)Ljava/lang/Object;+0
j  java.awt.Toolkit.<clinit>()V+37
v  ~StubRoutines::call_stub
j  java.awt.Component.<clinit>()V+93
v  ~StubRoutines::call_stub
j  Login.main([Ljava/lang/String;)V+0
v  ~StubRoutines::call_stub

---------------  P R O C E S S  ---------------

Java Threads: ( => current thread )
  0x0000000053adb800 JavaThread "Service Thread" daemon [_thread_blocked, id=9564, stack(0x00000000556c0000,0x00000000557c0000)]
  0x0000000053a80800 JavaThread "C1 CompilerThread1" daemon [_thread_in_native, id=9560, stack(0x0000000055110000,0x0000000055210000)]
  0x0000000053a79000 JavaThread "C2 CompilerThread0" daemon [_thread_blocked, id=9556, stack(0x0000000054ee0000,0x0000000054fe0000)]
  0x0000000053a77800 JavaThread "Attach Listener" daemon [_thread_blocked, id=9552, stack(0x0000000054cd0000,0x0000000054dd0000)]
  0x0000000053a76800 JavaThread "Signal Dispatcher" daemon [_thread_blocked, id=9548, stack(0x0000000054a50000,0x0000000054b50000)]
  0x0000000053a16800 JavaThread "Finalizer" daemon [_thread_blocked, id=9544, stack(0x0000000054910000,0x0000000054a10000)]
  0x0000000053a0f800 JavaThread "Reference Handler" daemon [_thread_blocked, id=9540, stack(0x0000000054720000,0x0000000054820000)]
=>0x00000000022ad800 JavaThread "main" [_thread_in_native, id=9524, stack(0x0000000002560000,0x0000000002660000)]

Other Threads:
  0x0000000053a0a000 VMThread [stack: 0x0000000054560000,0x0000000054660000] [id=9536]
  0x0000000053adf800 WatcherThread [stack: 0x00000000557f0000,0x00000000558f0000] [id=9568]

VM state:not at safepoint (normal execution)

VM Mutex/Monitor currently owned by a thread: None

Heap:
 PSYoungGen      total 9728K, used 870K [0x00000000f5600000, 0x00000000f6080000, 0x0000000100000000)
  eden space 8704K, 10% used [0x00000000f5600000,0x00000000f56d9b60,0x00000000f5e80000)
  from space 1024K, 0% used [0x00000000f5f80000,0x00000000f5f80000,0x00000000f6080000)
  to   space 1024K, 0% used [0x00000000f5e80000,0x00000000f5e80000,0x00000000f5f80000)
 ParOldGen       total 22016K, used 0K [0x00000000e0200000, 0x00000000e1780000, 0x00000000f5600000)
  object space 22016K, 0% used [0x00000000e0200000,0x00000000e0200000,0x00000000e1780000)
 Metaspace       used 3117K, capacity 4486K, committed 4864K, reserved 1056768K
  class space    used 359K, capacity 386K, committed 512K, reserved 1048576K

Card table byte_map: [0x0000000002380000,0x0000000002480000] byte_map_base: 0x0000000001c7f000

Marking Bits: (ParMarkBitMap*) 0x000000006e9dd490
 Begin Bits: [0x00000000120f0000, 0x00000000128e8000)
 End Bits:   [0x00000000128e8000, 0x00000000130e0000)

Polling page: 0x0000000000420000

CodeCache: size=245760Kb used=1114Kb max_used=1114Kb free=244645Kb
 bounds [0x0000000002930000, 0x0000000002ba0000, 0x0000000011930000]
 total_blobs=266 nmethods=31 adapters=151
 compilation: enabled

Compilation events (10 events):
Event: 0.144 Thread 0x0000000053a80800 nmethod 27 0x0000000002a45a10 code [0x0000000002a45b60, 0x0000000002a45c70]
Event: 0.144 Thread 0x0000000053a80800   28       3       java.lang.System::getSecurityManager (4 bytes)
Event: 0.144 Thread 0x0000000053a80800 nmethod 28 0x0000000002a45cd0 code [0x0000000002a45e20, 0x0000000002a45f50]
Event: 0.145 Thread 0x0000000053a80800   29       1       java.nio.Buffer::position (5 bytes)
Event: 0.145 Thread 0x0000000053a80800 nmethod 29 0x0000000002a45fd0 code [0x0000000002a46120, 0x0000000002a46230]
Event: 0.145 Thread 0x0000000053a80800   30       3       java.lang.Character::toLowerCase (6 bytes)
Event: 0.145 Thread 0x0000000053a80800 nmethod 30 0x0000000002a46290 code [0x0000000002a46400, 0x0000000002a46698]
Event: 0.145 Thread 0x0000000053a80800   31       3       java.lang.String::indexOf (7 bytes)
Event: 0.146 Thread 0x0000000053a80800 nmethod 31 0x0000000002a467d0 code [0x0000000002a46940, 0x0000000002a46b48]
Event: 0.146 Thread 0x0000000053a80800   32       3       java.lang.String::toLowerCase (439 bytes)

GC Heap History (0 events):
No events

Deoptimization events (0 events):
No events

Internal exceptions (7 events):
Event: 0.047 Thread 0x00000000022ad800 Exception <a 'java/lang/NoSuchMethodError': Method sun.misc.Unsafe.defineClass(Ljava/lang/String;[BII)Ljava/lang/Class; name or signature does not match> (0x00000000f560c1e0) thrown at [D:\re\workspace\8-2-build-windows-amd64-cygwin\jdk8u25\1677\hotspot\sr+xÅy‹ß?
Event: 0.047 Thread 0x00000000022ad800 Exception <a 'java/lang/NoSuchMethodError': Method sun.misc.Unsafe.prefetchRead(Ljava/lang/Object;J)V name or signature does not match> (0x00000000f560c470) thrown at [D:\re\workspace\8-2-build-windows-amd64-cygwin\jdk8u25\1677\hotspot\src\share\vm\prims\j4ü√S;˚ª?
Event: 0.109 Thread 0x00000000022ad800 Exception <a 'java/security/PrivilegedActionException'> (0x00000000f5688898) thrown at [D:\re\workspace\8-2-build-windows-amd64-cygwin\jdk8u25\1677\hotspot\src\share\vm\prims\jvm.cpp, line 1312]
Event: 0.145 Thread 0x00000000022ad800 Exception <a 'java/security/PrivilegedActionException'> (0x00000000f56a7bf0) thrown at [D:\re\workspace\8-2-build-windows-amd64-cygwin\jdk8u25\1677\hotspot\src\share\vm\prims\jvm.cpp, line 1312]
Event: 0.145 Thread 0x00000000022ad800 Exception <a 'java/security/PrivilegedActionException'> (0x00000000f56a7da8) thrown at [D:\re\workspace\8-2-build-windows-amd64-cygwin\jdk8u25\1677\hotspot\src\share\vm\prims\jvm.cpp, line 1312]
Event: 0.146 Thread 0x00000000022ad800 Exception <a 'java/security/PrivilegedActionException'> (0x00000000f56ab8a0) thrown at [D:\re\workspace\8-2-build-windows-amd64-cygwin\jdk8u25\1677\hotspot\src\share\vm\prims\jvm.cpp, line 1312]
Event: 0.146 Thread 0x00000000022ad800 Exception <a 'java/security/PrivilegedActionException'> (0x00000000f56aba58) thrown at [D:\re\workspace\8-2-build-windows-amd64-cygwin\jdk8u25\1677\hotspot\src\share\vm\prims\jvm.cpp, line 1312]

Events (10 events):
Event: 0.146 loading class java/util/ResourceBundle$RBClassLoader done
Event: 0.146 loading class java/util/ResourceBundle$RBClassLoader$1
Event: 0.146 loading class java/util/ResourceBundle$RBClassLoader$1 done
Event: 0.146 loading class java/util/ResourceBundle$CacheKey
Event: 0.146 loading class java/util/ResourceBundle$CacheKey done
Event: 0.147 loading class java/util/ResourceBundle$LoaderReference
Event: 0.147 loading class java/util/ResourceBundle$CacheKeyReference
Event: 0.147 loading class java/util/ResourceBundle$CacheKeyReference done
Event: 0.147 loading class java/util/ResourceBundle$LoaderReference done
Event: 0.147 loading class java/util/ResourceBundle$SingleFormatControl


Dynamic libraries:
0x000000013f830000 - 0x000000013f864000 	C:\Program Files\Java\jre1.8.0_25\bin\javaw.exe
0x0000000077110000 - 0x00000000772b9000 	C:\Windows\SYSTEM32\ntdll.dll
0x0000000076ff0000 - 0x000000007710f000 	C:\Windows\system32\kernel32.dll
0x000007fefd1e0000 - 0x000007fefd24c000 	C:\Windows\system32\KERNELBASE.dll
0x000007fefd710000 - 0x000007fefd7eb000 	C:\Windows\system32\ADVAPI32.dll
0x000007feff180000 - 0x000007feff21f000 	C:\Windows\system32\msvcrt.dll
0x000007feff3f0000 - 0x000007feff40f000 	C:\Windows\SYSTEM32\sechost.dll
0x000007fefea80000 - 0x000007fefebad000 	C:\Windows\system32\RPCRT4.dll
0x0000000076ef0000 - 0x0000000076fea000 	C:\Windows\system32\USER32.dll
0x000007fefd7f0000 - 0x000007fefd857000 	C:\Windows\system32\GDI32.dll
0x000007fefd5f0000 - 0x000007fefd5fe000 	C:\Windows\system32\LPK.dll
0x000007feff320000 - 0x000007feff3e9000 	C:\Windows\system32\USP10.dll
0x000007fefbae0000 - 0x000007fefbcd4000 	C:\Windows\WinSxS\amd64_microsoft.windows.common-controls_6595b64144ccf1df_6.0.7601.17514_none_fa396087175ac9ac\COMCTL32.dll
0x000007fefe6d0000 - 0x000007fefe741000 	C:\Windows\system32\SHLWAPI.dll
0x000007fefe750000 - 0x000007fefe77e000 	C:\Windows\system32\IMM32.DLL
0x000007fefd600000 - 0x000007fefd709000 	C:\Windows\system32\MSCTF.dll
0x000000006ea60000 - 0x000000006eb32000 	C:\Program Files\Java\jre1.8.0_25\bin\msvcr100.dll
0x000000006e200000 - 0x000000006ea5a000 	C:\Program Files\Java\jre1.8.0_25\bin\server\jvm.dll
0x000007fef3fc0000 - 0x000007fef3fc9000 	C:\Windows\system32\WSOCK32.dll
0x000007fefe780000 - 0x000007fefe7cd000 	C:\Windows\system32\WS2_32.dll
0x000007feff410000 - 0x000007feff418000 	C:\Windows\system32\NSI.dll
0x000007fef9690000 - 0x000007fef96cb000 	C:\Windows\system32\WINMM.dll
0x00000000772e0000 - 0x00000000772e7000 	C:\Windows\system32\PSAPI.DLL
0x000000006ec10000 - 0x000000006ec1f000 	C:\Program Files\Java\jre1.8.0_25\bin\verify.dll
0x000000006ebe0000 - 0x000000006ec08000 	C:\Program Files\Java\jre1.8.0_25\bin\java.dll
0x000000006ebc0000 - 0x000000006ebd6000 	C:\Program Files\Java\jre1.8.0_25\bin\zip.dll
0x000007fefd860000 - 0x000007fefe5e8000 	C:\Windows\system32\SHELL32.dll
0x000007fefe7f0000 - 0x000007fefe9f3000 	C:\Windows\system32\ole32.dll
0x000007fefd010000 - 0x000007fefd01f000 	C:\Windows\system32\profapi.dll

VM Arguments:
jvm_args: -Dfile.encoding=Cp1252 
java_command: Login
java_class_path (initial): C:\Users\Vijay\Desktop\BILLING SYSTEM\DAIRY FARM BILLING SYSTEM\bin
Launcher Type: SUN_STANDARD

Environment Variables:
PATH=C:\ProgramData\Oracle\Java\javapath;C:\Windows\system32;C:\Windows;C:\Windows\System32\Wbem;C:\Windows\System32\WindowsPowerShell\v1.0\;C:\Program Files\MATLAB\R2012b\runtime\win64;C:\Program Files\MATLAB\R2012b\bin;c:\Xilinx\bin\nt
USERNAME=Vijay
OS=Windows_NT
PROCESSOR_IDENTIFIER=Intel64 Family 6 Model 23 Stepping 10, GenuineIntel



---------------  S Y S T E M  ---------------

OS: Windows 7 , 64 bit Build 7601 Service Pack 1

CPU:total 2 (2 cores per cpu, 1 threads per core) family 6 model 23 stepping 10, cmov, cx8, fxsr, mmx, sse, sse2, sse3, ssse3, tsc

Memory: 4k page, physical 2084700k(110688k free), swap 8338800k(5096k free)

vm_info: Java HotSpot(TM) 64-Bit Server VM (25.25-b02) for windows-amd64 JRE (1.8.0_25-b18), built on Oct  7 2014 14:25:37 by "java_re" with MS VC++ 10.0 (VS2010)

time: Tue Jan 11 20:05:56 2005
elapsed time: 0 seconds (0d 0h 0m 0s)

