#
# There is insufficient memory for the Java Runtime Environment to continue.
# Native memory allocation (malloc) failed to allocate 49856 bytes for Chunk::new
# Possible reasons:
#   The system is out of physical RAM or swap space
#   In 32 bit mode, the process size limit was hit
# Possible solutions:
#   Reduce memory load on the system
#   Increase physical memory or swap space
#   Check if swap backing store is full
#   Use 64 bit Java on a 64 bit OS
#   Decrease Java heap size (-Xmx/-Xms)
#   Decrease number of Java threads
#   Decrease Java thread stack sizes (-Xss)
#   Set larger code cache with -XX:ReservedCodeCacheSize=
# This output file may be truncated or incomplete.
#
#  Out of Memory Error (allocation.cpp:390), pid=9004, tid=9032
#
# JRE version: Java(TM) SE Runtime Environment (8.0_25-b18) (build 1.8.0_25-b18)
# Java VM: Java HotSpot(TM) 64-Bit Server VM (25.25-b02 mixed mode windows-amd64 compressed oops)
# Failed to write core dump. Minidumps are not enabled by default on client versions of Windows
#

---------------  T H R E A D  ---------------

Current thread (0x000000005384f800):  JavaThread "C2 CompilerThread0" daemon [_thread_in_native, id=9032, stack(0x0000000054a10000,0x0000000054b10000)]

Stack: [0x0000000054a10000,0x0000000054b10000]
Native frames: (J=compiled Java code, j=interpreted, Vv=VM code, C=native code)
V  [jvm.dll+0x31667a]


Current CompileTask:
C2:   1937  253       4       java.lang.String::equals (81 bytes)


---------------  P R O C E S S  ---------------

Java Threads: ( => current thread )
  0x0000000054f8a800 JavaThread "AWT-Windows" daemon [_thread_in_vm, id=2132, stack(0x0000000055840000,0x0000000055940000)]
  0x0000000054f87000 JavaThread "AWT-Shutdown" [_thread_blocked, id=8960, stack(0x0000000055690000,0x0000000055790000)]
  0x0000000054f86000 JavaThread "Java2D Disposer" daemon [_thread_blocked, id=8324, stack(0x0000000055520000,0x0000000055620000)]
  0x00000000538ae800 JavaThread "Service Thread" daemon [_thread_blocked, id=8672, stack(0x0000000055160000,0x0000000055260000)]
  0x0000000053853800 JavaThread "C1 CompilerThread1" daemon [_thread_in_native, id=6264, stack(0x0000000054b70000,0x0000000054c70000)]
=>0x000000005384f800 JavaThread "C2 CompilerThread0" daemon [_thread_in_native, id=9032, stack(0x0000000054a10000,0x0000000054b10000)]
  0x000000005384b000 JavaThread "Attach Listener" daemon [_thread_blocked, id=8940, stack(0x0000000054890000,0x0000000054990000)]
  0x000000005384a000 JavaThread "Signal Dispatcher" daemon [_thread_blocked, id=9016, stack(0x0000000054460000,0x0000000054560000)]
  0x00000000537ea800 JavaThread "Finalizer" daemon [_thread_blocked, id=8660, stack(0x0000000054740000,0x0000000054840000)]
  0x00000000537e3800 JavaThread "Reference Handler" daemon [_thread_blocked, id=8956, stack(0x00000000545b0000,0x00000000546b0000)]
  0x000000000045d800 JavaThread "main" [_thread_in_native, id=8820, stack(0x00000000023d0000,0x00000000024d0000)]

Other Threads:
  0x00000000537da000 VMThread [stack: 0x0000000054310000,0x0000000054410000] [id=8640]
  0x0000000054ca7000 WatcherThread [stack: 0x00000000552b0000,0x00000000553b0000] [id=8980]

VM state:not at safepoint (normal execution)

VM Mutex/Monitor currently owned by a thread:  ([mutex/lock_event])
[0x0000000000458620] CodeCache_lock - owner thread: 0x0000000000000000

Heap:
 PSYoungGen      total 9728K, used 2970K [0x00000000f5600000, 0x00000000f6080000, 0x0000000100000000)
  eden space 8704K, 34% used [0x00000000f5600000,0x00000000f58e6be8,0x00000000f5e80000)
  from space 1024K, 0% used [0x00000000f5f80000,0x00000000f5f80000,0x00000000f6080000)
  to   space 1024K, 0% used [0x00000000f5e80000,0x00000000f5e80000,0x00000000f5f80000)
 ParOldGen       total 22016K, used 0K [0x00000000e0200000, 0x00000000e1780000, 0x00000000f5600000)
  object space 22016K, 0% used [0x00000000e0200000,0x00000000e0200000,0x00000000e1780000)
 Metaspace       used 6562K, capacity 6688K, committed 6784K, reserved 1056768K
  class space    used 788K, capacity 834K, committed 896K, reserved 1048576K

Card table byte_map: [0x00000000020c0000,0x00000000021c0000] byte_map_base: 0x00000000019bf000

Marking Bits: (ParMarkBitMap*) 0x000000006e8fd490
 Begin Bits: [0x0000000011ec0000, 0x00000000126b8000)
 End Bits:   [0x00000000126b8000, 0x0000000012eb0000)

Polling page: 0x0000000000430000

CodeCache: size=245760Kb used=1605Kb max_used=1605Kb free=244154Kb
 bounds [0x00000000027a0000, 0x0000000002a10000, 0x00000000117a0000]
 total_blobs=604 nmethods=257 adapters=262
 compilation: enabled

Compilation events (10 events):
Event: 1.930 Thread 0x0000000053853800 nmethod 248 0x000000000292ce90 code [0x000000000292cfe0, 0x000000000292d130]
Event: 1.930 Thread 0x0000000053853800  249       3       java.lang.Class::reflectionData (49 bytes)
Event: 1.930 Thread 0x0000000053853800 nmethod 249 0x000000000292d190 code [0x000000000292d320, 0x000000000292d828]
Event: 1.930 Thread 0x0000000053853800  250   !   3       javax.swing.UIDefaults::getFromResourceBundle (69 bytes)
Event: 1.931 Thread 0x0000000053853800 nmethod 250 0x000000000292d990 code [0x000000000292db40, 0x000000000292e418]
Event: 1.931 Thread 0x0000000053853800  251       3       javax.swing.UIManager::getDefaults (10 bytes)
Event: 1.931 Thread 0x0000000053853800 nmethod 251 0x000000000292e650 code [0x000000000292e7c0, 0x000000000292e958]
Event: 1.931 Thread 0x0000000053853800  252   !   3       java.awt.Component::firePropertyChange (59 bytes)
Event: 1.932 Thread 0x000000005384f800  253       4       java.lang.String::equals (81 bytes)
Event: 1.932 Thread 0x0000000053853800 nmethod 252 0x000000000292ea10 code [0x000000000292ec00, 0x000000000292f758]

GC Heap History (0 events):
No events

Deoptimization events (0 events):
No events

Internal exceptions (10 events):
Event: 0.462 Thread 0x000000000045d800 Exception <a 'java/security/PrivilegedActionException'> (0x00000000f56a7ae8) thrown at [D:\re\workspace\8-2-build-windows-amd64-cygwin\jdk8u25\1677\hotspot\src\share\vm\prims\jvm.cpp, line 1312]
Event: 0.462 Thread 0x000000000045d800 Exception <a 'java/security/PrivilegedActionException'> (0x00000000f56a7ca0) thrown at [D:\re\workspace\8-2-build-windows-amd64-cygwin\jdk8u25\1677\hotspot\src\share\vm\prims\jvm.cpp, line 1312]
Event: 0.463 Thread 0x000000000045d800 Exception <a 'java/security/PrivilegedActionException'> (0x00000000f56ab798) thrown at [D:\re\workspace\8-2-build-windows-amd64-cygwin\jdk8u25\1677\hotspot\src\share\vm\prims\jvm.cpp, line 1312]
Event: 0.463 Thread 0x000000000045d800 Exception <a 'java/security/PrivilegedActionException'> (0x00000000f56ab950) thrown at [D:\re\workspace\8-2-build-windows-amd64-cygwin\jdk8u25\1677\hotspot\src\share\vm\prims\jvm.cpp, line 1312]
Event: 1.308 Thread 0x000000000045d800 Exception <a 'java/io/FileNotFoundException'> (0x00000000f56add80) thrown at [D:\re\workspace\8-2-build-windows-amd64-cygwin\jdk8u25\1677\hotspot\src\share\vm\prims\jni.cpp, line 716]
Event: 1.439 Thread 0x000000000045d800 Exception <a 'java/io/FileNotFoundException'> (0x00000000f56f86f8) thrown at [D:\re\workspace\8-2-build-windows-amd64-cygwin\jdk8u25\1677\hotspot\src\share\vm\prims\jni.cpp, line 716]
Event: 1.467 Thread 0x000000000045d800 Exception <a 'java/lang/ClassNotFoundException': java/lang/Null> (0x00000000f5714718) thrown at [D:\re\workspace\8-2-build-windows-amd64-cygwin\jdk8u25\1677\hotspot\src\share\vm\classfile\systemDictionary.cpp, line 202]
Event: 1.490 Thread 0x000000000045d800 Exception <a 'java/lang/NoSuchFieldError': method resolution failed> (0x00000000f5777f28) thrown at [D:\re\workspace\8-2-build-windows-amd64-cygwin\jdk8u25\1677\hotspot\src\share\vm\prims\methodHandles.cpp, line 1159]
Event: 1.493 Thread 0x000000000045d800 Exception <a 'java/lang/NoSuchFieldError': method resolution failed> (0x00000000f5786e10) thrown at [D:\re\workspace\8-2-build-windows-amd64-cygwin\jdk8u25\1677\hotspot\src\share\vm\prims\methodHandles.cpp, line 1159]
Event: 1.494 Thread 0x000000000045d800 Exception <a 'java/lang/NoSuchFieldError': method resolution failed> (0x00000000f578a4f0) thrown at [D:\re\workspace\8-2-build-windows-amd64-cygwin\jdk8u25\1677\hotspot\src\share\vm\prims\methodHandles.cpp, line 1159]

Events (10 events):
Event: 1.927 loading class sun/reflect/ClassDefiner
Event: 1.927 loading class sun/reflect/ClassDefiner done
Event: 1.927 loading class sun/reflect/ClassDefiner$1
Event: 1.927 loading class sun/reflect/ClassDefiner$1 done
Event: 1.930 loading class javax/swing/plaf/metal/MetalLabelUI
Event: 1.930 loading class javax/swing/plaf/basic/BasicLabelUI
Event: 1.931 loading class javax/swing/plaf/LabelUI
Event: 1.931 loading class javax/swing/plaf/LabelUI done
Event: 1.931 loading class javax/swing/plaf/basic/BasicLabelUI done
Event: 1.931 loading class javax/swing/plaf/metal/MetalLabelUI done


Dynamic libraries:
0x000000013f0e0000 - 0x000000013f114000 	C:\Program Files\Java\jre1.8.0_25\bin\javaw.exe
0x0000000076d40000 - 0x0000000076ee9000 	C:\Windows\SYSTEM32\ntdll.dll
0x0000000076b20000 - 0x0000000076c3f000 	C:\Windows\system32\kernel32.dll
0x000007fefcfa0000 - 0x000007fefd00c000 	C:\Windows\system32\KERNELBASE.dll
0x000007fefd130000 - 0x000007fefd20b000 	C:\Windows\system32\ADVAPI32.dll
0x000007fefdd30000 - 0x000007fefddcf000 	C:\Windows\system32\msvcrt.dll
0x000007fefd7e0000 - 0x000007fefd7ff000 	C:\Windows\SYSTEM32\sechost.dll
0x000007fefd5a0000 - 0x000007fefd6cd000 	C:\Windows\system32\RPCRT4.dll
0x0000000076c40000 - 0x0000000076d3a000 	C:\Windows\system32\USER32.dll
0x000007fefddd0000 - 0x000007fefde37000 	C:\Windows\system32\GDI32.dll
0x000007fefd830000 - 0x000007fefd83e000 	C:\Windows\system32\LPK.dll
0x000007fefdbc0000 - 0x000007fefdc89000 	C:\Windows\system32\USP10.dll
0x000007fefb480000 - 0x000007fefb674000 	C:\Windows\WinSxS\amd64_microsoft.windows.common-controls_6595b64144ccf1df_6.0.7601.17514_none_fa396087175ac9ac\COMCTL32.dll
0x000007fefdb40000 - 0x000007fefdbb1000 	C:\Windows\system32\SHLWAPI.dll
0x000007fefd800000 - 0x000007fefd82e000 	C:\Windows\system32\IMM32.DLL
0x000007fefd6d0000 - 0x000007fefd7d9000 	C:\Windows\system32\MSCTF.dll
0x000000006e980000 - 0x000000006ea52000 	C:\Program Files\Java\jre1.8.0_25\bin\msvcr100.dll
0x000000006e120000 - 0x000000006e97a000 	C:\Program Files\Java\jre1.8.0_25\bin\server\jvm.dll
0x000007fef3910000 - 0x000007fef3919000 	C:\Windows\system32\WSOCK32.dll
0x000007fefd060000 - 0x000007fefd0ad000 	C:\Windows\system32\WS2_32.dll
0x000007fefd050000 - 0x000007fefd058000 	C:\Windows\system32\NSI.dll
0x000007fef9ef0000 - 0x000007fef9f2b000 	C:\Windows\system32\WINMM.dll
0x0000000076f00000 - 0x0000000076f07000 	C:\Windows\system32\PSAPI.DLL
0x000000006e110000 - 0x000000006e11f000 	C:\Program Files\Java\jre1.8.0_25\bin\verify.dll
0x000000006e0e0000 - 0x000000006e108000 	C:\Program Files\Java\jre1.8.0_25\bin\java.dll
0x000000006e0c0000 - 0x000000006e0d6000 	C:\Program Files\Java\jre1.8.0_25\bin\zip.dll
0x000007fefde40000 - 0x000007fefebc8000 	C:\Windows\system32\SHELL32.dll
0x000007fefed10000 - 0x000007fefef13000 	C:\Windows\system32\ole32.dll
0x000007fefcc40000 - 0x000007fefcc4f000 	C:\Windows\system32\profapi.dll
0x000000006db80000 - 0x000000006dd18000 	C:\Program Files\Java\jre1.8.0_25\bin\awt.dll
0x000007fefebd0000 - 0x000007fefeca7000 	C:\Windows\system32\OLEAUT32.dll
0x000007fefaef0000 - 0x000007fefaf08000 	C:\Windows\system32\DWMAPI.DLL
0x000007fefb3d0000 - 0x000007fefb426000 	C:\Windows\system32\uxtheme.dll
0x000007fefcb30000 - 0x000007fefcb3f000 	C:\Windows\system32\CRYPTBASE.dll

VM Arguments:
jvm_args: -Dfile.encoding=Cp1252 
java_command: DisplayItem
java_class_path (initial): C:\Users\Vijay\Desktop\BILLING SYSTEM\DAIRY FARM BILLING SYSTEM\bin
Launcher Type: SUN_STANDARD

Environment Variables:
PATH=C:\ProgramData\Oracle\Java\javapath;C:\Windows\system32;C:\Windows;C:\Windows\System32\Wbem;C:\Windows\System32\WindowsPowerShell\v1.0\;C:\Program Files\MATLAB\R2012b\runtime\win64;C:\Program Files\MATLAB\R2012b\bin;c:\Xilinx\bin\nt
USERNAME=Vijay
OS=Windows_NT
PROCESSOR_IDENTIFIER=Intel64 Family 6 Model 23 Stepping 10, GenuineIntel



---------------  S Y S T E M  ---------------

OS: Windows 7 , 64 bit Build 7601 Service Pack 1

CPU:total 2 (2 cores per cpu, 1 threads per core) family 6 model 23 stepping 10, cmov, cx8, fxsr, mmx, sse, sse2, sse3, ssse3, tsc

Memory: 4k page, physical 2084700k(228976k free), swap 8338800k(5136k free)

vm_info: Java HotSpot(TM) 64-Bit Server VM (25.25-b02) for windows-amd64 JRE (1.8.0_25-b18), built on Oct  7 2014 14:25:37 by "java_re" with MS VC++ 10.0 (VS2010)

time: Tue Jan 11 22:22:08 2005
elapsed time: 1 seconds (0d 0h 0m 1s)

